CRITICAL - 2022-08-29 08:28:23 --> Too few arguments to function App\Controllers\Home::coba(), 0 passed in C:\laragon\www\inves\system\CodeIgniter.php on line 904 and exactly 1 expected
in APPPATH\Controllers\Home.php on line 11.
 1 SYSTEMPATH\CodeIgniter.php(904): App\Controllers\Home->coba()
 2 SYSTEMPATH\CodeIgniter.php(457): CodeIgniter\CodeIgniter->runController(Object(App\Controllers\Home))
 3 SYSTEMPATH\CodeIgniter.php(340): CodeIgniter\CodeIgniter->handleRequest(null, Object(Config\Cache), false)
 4 FCPATH\index.php(67): CodeIgniter\CodeIgniter->run()
 5 SYSTEMPATH\Commands\Server\rewrite.php(43): require_once('FCPATH\\index.php')
CRITICAL - 2022-08-29 08:42:33 --> Declaration of App\Models\Base_model::insert($tbl, $arrData) must be compatible with CodeIgniter\Model::insert($data = null, bool $returnID = true)
in APPPATH\Models\Base_model.php on line 45.
 1 [internal function]: CodeIgniter\Debug\Exceptions->shutdownHandler()
CRITICAL - 2022-08-29 08:48:33 --> Too few arguments to function App\Controllers\Home::coba(), 0 passed in C:\laragon\www\inves\system\CodeIgniter.php on line 904 and exactly 1 expected
in APPPATH\Controllers\Home.php on line 11.
 1 SYSTEMPATH\CodeIgniter.php(904): App\Controllers\Home->coba()
 2 SYSTEMPATH\CodeIgniter.php(457): CodeIgniter\CodeIgniter->runController(Object(App\Controllers\Home))
 3 SYSTEMPATH\CodeIgniter.php(340): CodeIgniter\CodeIgniter->handleRequest(null, Object(Config\Cache), false)
 4 FCPATH\index.php(67): CodeIgniter\CodeIgniter->run()
 5 SYSTEMPATH\Commands\Server\rewrite.php(43): require_once('FCPATH\\index.php')
CRITICAL - 2022-08-29 08:51:13 --> count(): Argument #1 ($value) must be of type Countable|array, string given
in APPPATH\Models\Base_model.php on line 16.
 1 APPPATH\Models\Base_model.php(16): count('ROOTPATH\\public')
 2 APPPATH\Controllers\BaseController.php(59): App\Models\Base_model->getData('account', '*', 'ROOTPATH\\public', 0, [], 'ROOTPATH\\public')
 3 APPPATH\Controllers\Home.php(13): App\Controllers\BaseController->getData('account', '*', 'ROOTPATH\\public', 0)
 4 SYSTEMPATH\CodeIgniter.php(904): App\Controllers\Home->coba()
 5 SYSTEMPATH\CodeIgniter.php(457): CodeIgniter\CodeIgniter->runController(Object(App\Controllers\Home))
 6 SYSTEMPATH\CodeIgniter.php(340): CodeIgniter\CodeIgniter->handleRequest(null, Object(Config\Cache), false)
 7 FCPATH\index.php(67): CodeIgniter\CodeIgniter->run()
 8 SYSTEMPATH\Commands\Server\rewrite.php(43): require_once('FCPATH\\index.php')
ERROR - 2022-08-29 08:52:10 --> mysqli_sql_exception: Table 'inves.accounta' doesn't exist in C:\laragon\www\inves\system\Database\MySQLi\Connection.php:292
Stack trace:
#0 C:\laragon\www\inves\system\Database\MySQLi\Connection.php(292): mysqli->query('SELECT *\nFROM `...', 0)
#1 C:\laragon\www\inves\system\Database\BaseConnection.php(693): CodeIgniter\Database\MySQLi\Connection->execute('SELECT *\nFROM `...')
#2 C:\laragon\www\inves\system\Database\BaseConnection.php(620): CodeIgniter\Database\BaseConnection->simpleQuery('SELECT *\nFROM `...')
#3 C:\laragon\www\inves\system\Database\BaseBuilder.php(1585): CodeIgniter\Database\BaseConnection->query('SELECT *\nFROM `...', Array, false)
#4 C:\laragon\www\inves\app\Models\Base_model.php(41): CodeIgniter\Database\BaseBuilder->get()
#5 C:\laragon\www\inves\app\Controllers\BaseController.php(59): App\Models\Base_model->getData('accounta', '*', Array, 2, Array, '')
#6 C:\laragon\www\inves\app\Controllers\Home.php(13): App\Controllers\BaseController->getData('accounta', '*', Array, 2)
#7 C:\laragon\www\inves\system\CodeIgniter.php(904): App\Controllers\Home->coba()
#8 C:\laragon\www\inves\system\CodeIgniter.php(457): CodeIgniter\CodeIgniter->runController(Object(App\Controllers\Home))
#9 C:\laragon\www\inves\system\CodeIgniter.php(340): CodeIgniter\CodeIgniter->handleRequest(NULL, Object(Config\Cache), false)
#10 C:\laragon\www\inves\public\index.php(67): CodeIgniter\CodeIgniter->run()
#11 C:\laragon\www\inves\system\Commands\Server\rewrite.php(43): require_once('C:\\laragon\\www\\...')
#12 {main}
CRITICAL - 2022-08-29 08:52:10 --> Table 'inves.accounta' doesn't exist
in SYSTEMPATH\Database\MySQLi\Connection.php on line 292.
 1 SYSTEMPATH\Database\MySQLi\Connection.php(292): mysqli->query('SELECT *
FROM `accounta`
 LIMIT 2', 0)
 2 SYSTEMPATH\Database\BaseConnection.php(693): CodeIgniter\Database\MySQLi\Connection->execute('SELECT *
FROM `accounta`
 LIMIT 2')
 3 SYSTEMPATH\Database\BaseConnection.php(620): CodeIgniter\Database\BaseConnection->simpleQuery('SELECT *
FROM `accounta`
 LIMIT 2')
 4 SYSTEMPATH\Database\BaseBuilder.php(1585): CodeIgniter\Database\BaseConnection->query('SELECT *
FROM `accounta`
 LIMIT 2', [], false)
 5 APPPATH\Models\Base_model.php(41): CodeIgniter\Database\BaseBuilder->get()
 6 APPPATH\Controllers\BaseController.php(59): App\Models\Base_model->getData('accounta', '*', [], 2, [], 'ROOTPATH\\public')
 7 APPPATH\Controllers\Home.php(13): App\Controllers\BaseController->getData('accounta', '*', [], 2)
 8 SYSTEMPATH\CodeIgniter.php(904): App\Controllers\Home->coba()
 9 SYSTEMPATH\CodeIgniter.php(457): CodeIgniter\CodeIgniter->runController(Object(App\Controllers\Home))
10 SYSTEMPATH\CodeIgniter.php(340): CodeIgniter\CodeIgniter->handleRequest(null, Object(Config\Cache), false)
11 FCPATH\index.php(67): CodeIgniter\CodeIgniter->run()
12 SYSTEMPATH\Commands\Server\rewrite.php(43): require_once('FCPATH\\index.php')
