CRITICAL - 2022-09-05 02:38:50 --> Undefined variable $item
in APPPATH\Views\customer\item.php on line 6.
 1 APPPATH\Views\customer\item.php(6): CodeIgniter\Debug\Exceptions->errorHandler(2, 'Undefined variable $item', 'APPPATH\\Views\\customer\\item.php', 6)
 2 SYSTEMPATH\View\View.php(213): include('APPPATH\\Views\\customer\\item.php')
 3 SYSTEMPATH\View\View.php(216): CodeIgniter\View\View->CodeIgniter\View\{closure}()
 4 SYSTEMPATH\Common.php(1137): CodeIgniter\View\View->render('customer/item', [], true)
 5 APPPATH\Controllers\Customer.php(22): view('customer/item', [...])
 6 SYSTEMPATH\CodeIgniter.php(904): App\Controllers\Customer->itemList()
 7 SYSTEMPATH\CodeIgniter.php(457): CodeIgniter\CodeIgniter->runController(Object(App\Controllers\Customer))
 8 SYSTEMPATH\CodeIgniter.php(340): CodeIgniter\CodeIgniter->handleRequest(null, Object(Config\Cache), false)
 9 FCPATH\index.php(67): CodeIgniter\CodeIgniter->run()
10 SYSTEMPATH\Commands\Server\rewrite.php(43): require_once('FCPATH\\index.php')
CRITICAL - 2022-09-05 02:39:01 --> Undefined variable $title
in APPPATH\Views\layout\header.php on line 9.
 1 APPPATH\Views\layout\header.php(9): CodeIgniter\Debug\Exceptions->errorHandler(2, 'Undefined variable $title', 'APPPATH\\Views\\layout\\header.php', 9)
 2 SYSTEMPATH\View\View.php(213): include('APPPATH\\Views\\layout\\header.php')
 3 SYSTEMPATH\View\View.php(216): CodeIgniter\View\View->CodeIgniter\View\{closure}()
 4 SYSTEMPATH\View\View.php(429): CodeIgniter\View\View->render('layout/header', null, true)
 5 APPPATH\Views\layout\pageCustomer.php(1): CodeIgniter\View\View->include('layout/header')
 6 SYSTEMPATH\View\View.php(213): include('APPPATH\\Views\\layout\\pageCustomer.php')
 7 SYSTEMPATH\View\View.php(216): CodeIgniter\View\View->CodeIgniter\View\{closure}()
 8 SYSTEMPATH\View\View.php(229): CodeIgniter\View\View->render('layout/pageCustomer', [], true)
 9 SYSTEMPATH\Common.php(1137): CodeIgniter\View\View->render('customer/item', [], true)
10 APPPATH\Controllers\Customer.php(22): view('customer/item', [...])
11 SYSTEMPATH\CodeIgniter.php(904): App\Controllers\Customer->itemList()
12 SYSTEMPATH\CodeIgniter.php(457): CodeIgniter\CodeIgniter->runController(Object(App\Controllers\Customer))
13 SYSTEMPATH\CodeIgniter.php(340): CodeIgniter\CodeIgniter->handleRequest(null, Object(Config\Cache), false)
14 FCPATH\index.php(67): CodeIgniter\CodeIgniter->run()
15 SYSTEMPATH\Commands\Server\rewrite.php(43): require_once('FCPATH\\index.php')
