CRITICAL - 2022-09-03 02:04:10 --> Call to undefined method CodeIgniter\View\View::encrypter()
in APPPATH\Views\admin\itemList.php on line 59.
 1 SYSTEMPATH\View\View.php(213): include()
 2 SYSTEMPATH\View\View.php(216): CodeIgniter\View\View->CodeIgniter\View\{closure}()
 3 SYSTEMPATH\Common.php(1137): CodeIgniter\View\View->render('admin/itemList', [], true)
 4 APPPATH\Controllers\Admin.php(23): view('admin/itemList', [...])
 5 SYSTEMPATH\CodeIgniter.php(904): App\Controllers\Admin->itemList()
 6 SYSTEMPATH\CodeIgniter.php(457): CodeIgniter\CodeIgniter->runController(Object(App\Controllers\Admin))
 7 SYSTEMPATH\CodeIgniter.php(340): CodeIgniter\CodeIgniter->handleRequest(null, Object(Config\Cache), false)
 8 FCPATH\index.php(67): CodeIgniter\CodeIgniter->run()
 9 SYSTEMPATH\Commands\Server\rewrite.php(43): require_once('FCPATH\\index.php')
CRITICAL - 2022-09-03 03:21:56 --> Undefined array key "name"
in APPPATH\Views\admin\itemList.php on line 37.
 1 APPPATH\Views\admin\itemList.php(37): CodeIgniter\Debug\Exceptions->errorHandler(2, 'Undefined array key "name"', 'APPPATH\\Views\\admin\\itemList.php', 37)
 2 SYSTEMPATH\View\View.php(213): include('APPPATH\\Views\\admin\\itemList.php')
 3 SYSTEMPATH\View\View.php(216): CodeIgniter\View\View->CodeIgniter\View\{closure}()
 4 SYSTEMPATH\Common.php(1137): CodeIgniter\View\View->render('admin/itemList', [], true)
 5 APPPATH\Controllers\Admin.php(76): view('admin/itemList', [...])
 6 SYSTEMPATH\CodeIgniter.php(904): App\Controllers\Admin->widrawList()
 7 SYSTEMPATH\CodeIgniter.php(457): CodeIgniter\CodeIgniter->runController(Object(App\Controllers\Admin))
 8 SYSTEMPATH\CodeIgniter.php(340): CodeIgniter\CodeIgniter->handleRequest(null, Object(Config\Cache), false)
 9 FCPATH\index.php(67): CodeIgniter\CodeIgniter->run()
10 SYSTEMPATH\Commands\Server\rewrite.php(43): require_once('FCPATH\\index.php')
CRITICAL - 2022-09-03 03:52:17 --> Undefined array key "name"
in APPPATH\Views\admin\itemList.php on line 37.
 1 APPPATH\Views\admin\itemList.php(37): CodeIgniter\Debug\Exceptions->errorHandler(2, 'Undefined array key "name"', 'APPPATH\\Views\\admin\\itemList.php', 37)
 2 SYSTEMPATH\View\View.php(213): include('APPPATH\\Views\\admin\\itemList.php')
 3 SYSTEMPATH\View\View.php(216): CodeIgniter\View\View->CodeIgniter\View\{closure}()
 4 SYSTEMPATH\Common.php(1137): CodeIgniter\View\View->render('admin/itemList', [], true)
 5 APPPATH\Controllers\Admin.php(76): view('admin/itemList', [...])
 6 SYSTEMPATH\CodeIgniter.php(904): App\Controllers\Admin->widrawList()
 7 SYSTEMPATH\CodeIgniter.php(457): CodeIgniter\CodeIgniter->runController(Object(App\Controllers\Admin))
 8 SYSTEMPATH\CodeIgniter.php(340): CodeIgniter\CodeIgniter->handleRequest(null, Object(Config\Cache), false)
 9 FCPATH\index.php(67): CodeIgniter\CodeIgniter->run()
10 SYSTEMPATH\Commands\Server\rewrite.php(43): require_once('FCPATH\\index.php')
ERROR - 2022-09-03 05:41:29 --> Error connecting to the database: mysqli_sql_exception: No connection could be made because the target machine actively refused it in C:\laragon\www\inves\system\Database\MySQLi\Connection.php:171
Stack trace:
#0 C:\laragon\www\inves\system\Database\MySQLi\Connection.php(171): mysqli->real_connect('localhost', 'root', '', 'inves', 3306, '', 0)
#1 C:\laragon\www\inves\system\Database\BaseConnection.php(382): CodeIgniter\Database\MySQLi\Connection->connect(false)
#2 C:\laragon\www\inves\system\Database\BaseConnection.php(588): CodeIgniter\Database\BaseConnection->initialize()
#3 C:\laragon\www\inves\system\Database\BaseBuilder.php(1585): CodeIgniter\Database\BaseConnection->query('SELECT `pkey`, ...', Array, false)
#4 C:\laragon\www\inves\app\Models\Base_model.php(41): CodeIgniter\Database\BaseBuilder->get()
#5 C:\laragon\www\inves\app\Controllers\BaseController.php(71): App\Models\Base_model->getData('account', 'pkey,role', Array, '', Array, '')
#6 C:\laragon\www\inves\app\Controllers\Auth.php(21): App\Controllers\BaseController->getData('account', 'pkey,role', Array)
#7 C:\laragon\www\inves\system\CodeIgniter.php(904): App\Controllers\Auth->loginAction()
#8 C:\laragon\www\inves\system\CodeIgniter.php(457): CodeIgniter\CodeIgniter->runController(Object(App\Controllers\Auth))
#9 C:\laragon\www\inves\system\CodeIgniter.php(340): CodeIgniter\CodeIgniter->handleRequest(NULL, Object(Config\Cache), false)
#10 C:\laragon\www\inves\public\index.php(67): CodeIgniter\CodeIgniter->run()
#11 C:\laragon\www\inves\system\Commands\Server\rewrite.php(43): require_once('C:\\laragon\\www\\...')
#12 {main}

Next CodeIgniter\Database\Exceptions\DatabaseException: No connection could be made because the target machine actively refused it in C:\laragon\www\inves\system\Database\MySQLi\Connection.php:215
Stack trace:
#0 C:\laragon\www\inves\system\Database\BaseConnection.php(382): CodeIgniter\Database\MySQLi\Connection->connect(false)
#1 C:\laragon\www\inves\system\Database\BaseConnection.php(588): CodeIgniter\Database\BaseConnection->initialize()
#2 C:\laragon\www\inves\system\Database\BaseBuilder.php(1585): CodeIgniter\Database\BaseConnection->query('SELECT `pkey`, ...', Array, false)
#3 C:\laragon\www\inves\app\Models\Base_model.php(41): CodeIgniter\Database\BaseBuilder->get()
#4 C:\laragon\www\inves\app\Controllers\BaseController.php(71): App\Models\Base_model->getData('account', 'pkey,role', Array, '', Array, '')
#5 C:\laragon\www\inves\app\Controllers\Auth.php(21): App\Controllers\BaseController->getData('account', 'pkey,role', Array)
#6 C:\laragon\www\inves\system\CodeIgniter.php(904): App\Controllers\Auth->loginAction()
#7 C:\laragon\www\inves\system\CodeIgniter.php(457): CodeIgniter\CodeIgniter->runController(Object(App\Controllers\Auth))
#8 C:\laragon\www\inves\system\CodeIgniter.php(340): CodeIgniter\CodeIgniter->handleRequest(NULL, Object(Config\Cache), false)
#9 C:\laragon\www\inves\public\index.php(67): CodeIgniter\CodeIgniter->run()
#10 C:\laragon\www\inves\system\Commands\Server\rewrite.php(43): require_once('C:\\laragon\\www\\...')
#11 {main}
CRITICAL - 2022-09-03 05:41:29 --> Unable to connect to the database.
Main connection [MySQLi]: No connection could be made because the target machine actively refused it
in SYSTEMPATH\Database\BaseConnection.php on line 418.
 1 SYSTEMPATH\Database\BaseConnection.php(588): CodeIgniter\Database\BaseConnection->initialize()
 2 SYSTEMPATH\Database\BaseBuilder.php(1585): CodeIgniter\Database\BaseConnection->query('SELECT `pkey`, `role`
FROM `account`
WHERE `username` = :username:
AND `password` = :password:', [...], false)
 3 APPPATH\Models\Base_model.php(41): CodeIgniter\Database\BaseBuilder->get()
 4 APPPATH\Controllers\BaseController.php(71): App\Models\Base_model->getData('account', 'pkey,role', [...], 'ROOTPATH\\public', [], 'ROOTPATH\\public')
 5 APPPATH\Controllers\Auth.php(21): App\Controllers\BaseController->getData('account', 'pkey,role', [...])
 6 SYSTEMPATH\CodeIgniter.php(904): App\Controllers\Auth->loginAction()
 7 SYSTEMPATH\CodeIgniter.php(457): CodeIgniter\CodeIgniter->runController(Object(App\Controllers\Auth))
 8 SYSTEMPATH\CodeIgniter.php(340): CodeIgniter\CodeIgniter->handleRequest(null, Object(Config\Cache), false)
 9 FCPATH\index.php(67): CodeIgniter\CodeIgniter->run()
10 SYSTEMPATH\Commands\Server\rewrite.php(43): require_once('FCPATH\\index.php')
CRITICAL - 2022-09-03 05:43:04 --> date(): Argument #2 ($timestamp) must be of type ?int, string given
in APPPATH\Views\admin\widrawList.php on line 40.
 1 APPPATH\Views\admin\widrawList.php(40): date('d / m / Y h:i', 'ROOTPATH\\public')
 2 SYSTEMPATH\View\View.php(213): include('APPPATH\\Views\\admin\\widrawList.php')
 3 SYSTEMPATH\View\View.php(216): CodeIgniter\View\View->CodeIgniter\View\{closure}()
 4 SYSTEMPATH\Common.php(1137): CodeIgniter\View\View->render('admin/widrawList', [], true)
 5 APPPATH\Controllers\Admin.php(76): view('admin/widrawList', [...])
 6 SYSTEMPATH\CodeIgniter.php(904): App\Controllers\Admin->widrawList()
 7 SYSTEMPATH\CodeIgniter.php(457): CodeIgniter\CodeIgniter->runController(Object(App\Controllers\Admin))
 8 SYSTEMPATH\CodeIgniter.php(340): CodeIgniter\CodeIgniter->handleRequest(null, Object(Config\Cache), false)
 9 FCPATH\index.php(67): CodeIgniter\CodeIgniter->run()
10 SYSTEMPATH\Commands\Server\rewrite.php(43): require_once('FCPATH\\index.php')
CRITICAL - 2022-09-03 19:14:03 --> Undefined array key "name"
in APPPATH\Controllers\Auth.php on line 29.
 1 APPPATH\Controllers\Auth.php(29): CodeIgniter\Debug\Exceptions->errorHandler(2, 'Undefined array key "name"', 'APPPATH\\Controllers\\Auth.php', 29)
 2 SYSTEMPATH\CodeIgniter.php(904): App\Controllers\Auth->loginAction()
 3 SYSTEMPATH\CodeIgniter.php(457): CodeIgniter\CodeIgniter->runController(Object(App\Controllers\Auth))
 4 SYSTEMPATH\CodeIgniter.php(340): CodeIgniter\CodeIgniter->handleRequest(null, Object(Config\Cache), false)
 5 FCPATH\index.php(67): CodeIgniter\CodeIgniter->run()
 6 SYSTEMPATH\Commands\Server\rewrite.php(43): require_once('FCPATH\\index.php')
CRITICAL - 2022-09-03 09:12:09 --> Undefined variable $countCustomer
in APPPATH\Views\customer\dashboard.php on line 15.
 1 APPPATH\Views\customer\dashboard.php(15): CodeIgniter\Debug\Exceptions->errorHandler(2, 'Undefined variable $countCustomer', 'APPPATH\\Views\\customer\\dashboard.php', 15)
 2 SYSTEMPATH\View\View.php(213): include('APPPATH\\Views\\customer\\dashboard.php')
 3 SYSTEMPATH\View\View.php(216): CodeIgniter\View\View->CodeIgniter\View\{closure}()
 4 SYSTEMPATH\Common.php(1137): CodeIgniter\View\View->render('customer/dashboard', [], true)
 5 APPPATH\Controllers\Home.php(38): view('customer/dashboard', [...])
 6 SYSTEMPATH\CodeIgniter.php(904): App\Controllers\Home->index()
 7 SYSTEMPATH\CodeIgniter.php(457): CodeIgniter\CodeIgniter->runController(Object(App\Controllers\Home))
 8 SYSTEMPATH\CodeIgniter.php(340): CodeIgniter\CodeIgniter->handleRequest(null, Object(Config\Cache), false)
 9 FCPATH\index.php(67): CodeIgniter\CodeIgniter->run()
10 SYSTEMPATH\Commands\Server\rewrite.php(43): require_once('FCPATH\\index.php')
