CRITICAL - 2022-09-04 09:19:06 --> syntax error, unexpected token "}"
in APPPATH\Controllers\Auth.php on line 119.
 1 SYSTEMPATH\Autoloader\Autoloader.php(259): CodeIgniter\Autoloader\Autoloader->includeFile('APPPATH\\Controllers\\Auth.php')
 2 SYSTEMPATH\Autoloader\Autoloader.php(237): CodeIgniter\Autoloader\Autoloader->loadInNamespace('App\\Controllers\\Auth')
 3 [internal function]: CodeIgniter\Autoloader\Autoloader->loadClass('App\\Controllers\\Auth')
 4 SYSTEMPATH\CodeIgniter.php(854): class_exists('\\App\\Controllers\\Auth', true)
 5 SYSTEMPATH\CodeIgniter.php(444): CodeIgniter\CodeIgniter->startController()
 6 SYSTEMPATH\CodeIgniter.php(340): CodeIgniter\CodeIgniter->handleRequest(null, Object(Config\Cache), false)
 7 FCPATH\index.php(67): CodeIgniter\CodeIgniter->run()
 8 SYSTEMPATH\Commands\Server\rewrite.php(43): require_once('FCPATH\\index.php')
CRITICAL - 2022-09-04 14:04:41 --> api-auth filter must have a matching alias defined.
in SYSTEMPATH\Filters\Filters.php on line 340.
 1 SYSTEMPATH\Filters\Filters.php(340): CodeIgniter\Filters\Exceptions\FilterException::forNoAlias('api-auth')
 2 SYSTEMPATH\CodeIgniter.php(422): CodeIgniter\Filters\Filters->enableFilter('api-auth', 'before')
 3 SYSTEMPATH\CodeIgniter.php(340): CodeIgniter\CodeIgniter->handleRequest(null, Object(Config\Cache), false)
 4 FCPATH\index.php(67): CodeIgniter\CodeIgniter->run()
 5 SYSTEMPATH\Commands\Server\rewrite.php(43): require_once('FCPATH\\index.php')
CRITICAL - 2022-09-04 14:17:40 --> Class "Config\App\Filters\AdminFilter" not found
in SYSTEMPATH\Filters\Filters.php on line 166.
 1 SYSTEMPATH\CodeIgniter.php(431): CodeIgniter\Filters\Filters->run('admin', 'before')
 2 SYSTEMPATH\CodeIgniter.php(340): CodeIgniter\CodeIgniter->handleRequest(null, Object(Config\Cache), false)
 3 FCPATH\index.php(67): CodeIgniter\CodeIgniter->run()
 4 SYSTEMPATH\Commands\Server\rewrite.php(43): require_once('FCPATH\\index.php')
CRITICAL - 2022-09-04 15:14:56 --> Array to string conversion
in APPPATH\Views\layout\navbarCustomer.php on line 28.
 1 APPPATH\Views\layout\navbarCustomer.php(28): CodeIgniter\Debug\Exceptions->errorHandler(2, 'Array to string conversion', 'APPPATH\\Views\\layout\\navbarCustomer.php', 28)
 2 SYSTEMPATH\View\View.php(213): include('APPPATH\\Views\\layout\\navbarCustomer.php')
 3 SYSTEMPATH\View\View.php(216): CodeIgniter\View\View->CodeIgniter\View\{closure}()
 4 SYSTEMPATH\View\View.php(429): CodeIgniter\View\View->render('layout/navbarCustomer', null, true)
 5 APPPATH\Views\layout\pageCustomer.php(3): CodeIgniter\View\View->include('layout/navbarCustomer')
 6 SYSTEMPATH\View\View.php(213): include('APPPATH\\Views\\layout\\pageCustomer.php')
 7 SYSTEMPATH\View\View.php(216): CodeIgniter\View\View->CodeIgniter\View\{closure}()
 8 SYSTEMPATH\View\View.php(229): CodeIgniter\View\View->render('layout/pageCustomer', [], true)
 9 SYSTEMPATH\Common.php(1137): CodeIgniter\View\View->render('customer/item', [], true)
10 APPPATH\Controllers\Customer.php(30): view('customer/item', [...])
11 SYSTEMPATH\CodeIgniter.php(904): App\Controllers\Customer->itemList()
12 SYSTEMPATH\CodeIgniter.php(457): CodeIgniter\CodeIgniter->runController(Object(App\Controllers\Customer))
13 SYSTEMPATH\CodeIgniter.php(340): CodeIgniter\CodeIgniter->handleRequest(null, Object(Config\Cache), false)
14 FCPATH\index.php(67): CodeIgniter\CodeIgniter->run()
15 SYSTEMPATH\Commands\Server\rewrite.php(43): require_once('FCPATH\\index.php')
CRITICAL - 2022-09-04 15:16:31 --> Undefined property: CodeIgniter\View\View::$session
in APPPATH\Views\layout\navbarCustomer.php on line 28.
 1 APPPATH\Views\layout\navbarCustomer.php(28): CodeIgniter\Debug\Exceptions->errorHandler(2, 'Undefined property: CodeIgniter\\View\\View::$session', 'APPPATH\\Views\\layout\\navbarCustomer.php', 28)
 2 SYSTEMPATH\View\View.php(213): include('APPPATH\\Views\\layout\\navbarCustomer.php')
 3 SYSTEMPATH\View\View.php(216): CodeIgniter\View\View->CodeIgniter\View\{closure}()
 4 SYSTEMPATH\View\View.php(429): CodeIgniter\View\View->render('layout/navbarCustomer', null, true)
 5 APPPATH\Views\layout\pageCustomer.php(3): CodeIgniter\View\View->include('layout/navbarCustomer')
 6 SYSTEMPATH\View\View.php(213): include('APPPATH\\Views\\layout\\pageCustomer.php')
 7 SYSTEMPATH\View\View.php(216): CodeIgniter\View\View->CodeIgniter\View\{closure}()
 8 SYSTEMPATH\View\View.php(229): CodeIgniter\View\View->render('layout/pageCustomer', [], true)
 9 SYSTEMPATH\Common.php(1137): CodeIgniter\View\View->render('customer/item', [], true)
10 APPPATH\Controllers\Customer.php(30): view('customer/item', [...])
11 SYSTEMPATH\CodeIgniter.php(904): App\Controllers\Customer->itemList()
12 SYSTEMPATH\CodeIgniter.php(457): CodeIgniter\CodeIgniter->runController(Object(App\Controllers\Customer))
13 SYSTEMPATH\CodeIgniter.php(340): CodeIgniter\CodeIgniter->handleRequest(null, Object(Config\Cache), false)
14 FCPATH\index.php(67): CodeIgniter\CodeIgniter->run()
15 SYSTEMPATH\Commands\Server\rewrite.php(43): require_once('FCPATH\\index.php')
CRITICAL - 2022-09-04 15:16:31 --> Undefined property: CodeIgniter\View\View::$session
in APPPATH\Views\layout\navbarCustomer.php on line 28.
 1 APPPATH\Views\layout\navbarCustomer.php(28): CodeIgniter\Debug\Exceptions->errorHandler(2, 'Undefined property: CodeIgniter\\View\\View::$session', 'APPPATH\\Views\\layout\\navbarCustomer.php', 28)
 2 SYSTEMPATH\View\View.php(213): include('APPPATH\\Views\\layout\\navbarCustomer.php')
 3 SYSTEMPATH\View\View.php(216): CodeIgniter\View\View->CodeIgniter\View\{closure}()
 4 SYSTEMPATH\View\View.php(429): CodeIgniter\View\View->render('layout/navbarCustomer', null, true)
 5 APPPATH\Views\layout\pageCustomer.php(3): CodeIgniter\View\View->include('layout/navbarCustomer')
 6 SYSTEMPATH\View\View.php(213): include('APPPATH\\Views\\layout\\pageCustomer.php')
 7 SYSTEMPATH\View\View.php(216): CodeIgniter\View\View->CodeIgniter\View\{closure}()
 8 SYSTEMPATH\View\View.php(229): CodeIgniter\View\View->render('layout/pageCustomer', [], true)
 9 SYSTEMPATH\Common.php(1137): CodeIgniter\View\View->render('customer/item', [], true)
10 APPPATH\Controllers\Customer.php(30): view('customer/item', [...])
11 SYSTEMPATH\CodeIgniter.php(904): App\Controllers\Customer->itemList()
12 SYSTEMPATH\CodeIgniter.php(457): CodeIgniter\CodeIgniter->runController(Object(App\Controllers\Customer))
13 SYSTEMPATH\CodeIgniter.php(340): CodeIgniter\CodeIgniter->handleRequest(null, Object(Config\Cache), false)
14 FCPATH\index.php(67): CodeIgniter\CodeIgniter->run()
15 SYSTEMPATH\Commands\Server\rewrite.php(43): require_once('FCPATH\\index.php')
CRITICAL - 2022-09-04 15:16:32 --> Undefined property: CodeIgniter\View\View::$session
in APPPATH\Views\layout\navbarCustomer.php on line 28.
 1 APPPATH\Views\layout\navbarCustomer.php(28): CodeIgniter\Debug\Exceptions->errorHandler(2, 'Undefined property: CodeIgniter\\View\\View::$session', 'APPPATH\\Views\\layout\\navbarCustomer.php', 28)
 2 SYSTEMPATH\View\View.php(213): include('APPPATH\\Views\\layout\\navbarCustomer.php')
 3 SYSTEMPATH\View\View.php(216): CodeIgniter\View\View->CodeIgniter\View\{closure}()
 4 SYSTEMPATH\View\View.php(429): CodeIgniter\View\View->render('layout/navbarCustomer', null, true)
 5 APPPATH\Views\layout\pageCustomer.php(3): CodeIgniter\View\View->include('layout/navbarCustomer')
 6 SYSTEMPATH\View\View.php(213): include('APPPATH\\Views\\layout\\pageCustomer.php')
 7 SYSTEMPATH\View\View.php(216): CodeIgniter\View\View->CodeIgniter\View\{closure}()
 8 SYSTEMPATH\View\View.php(229): CodeIgniter\View\View->render('layout/pageCustomer', [], true)
 9 SYSTEMPATH\Common.php(1137): CodeIgniter\View\View->render('customer/item', [], true)
10 APPPATH\Controllers\Customer.php(30): view('customer/item', [...])
11 SYSTEMPATH\CodeIgniter.php(904): App\Controllers\Customer->itemList()
12 SYSTEMPATH\CodeIgniter.php(457): CodeIgniter\CodeIgniter->runController(Object(App\Controllers\Customer))
13 SYSTEMPATH\CodeIgniter.php(340): CodeIgniter\CodeIgniter->handleRequest(null, Object(Config\Cache), false)
14 FCPATH\index.php(67): CodeIgniter\CodeIgniter->run()
15 SYSTEMPATH\Commands\Server\rewrite.php(43): require_once('FCPATH\\index.php')
CRITICAL - 2022-09-04 15:17:12 --> Array to string conversion
in APPPATH\Views\layout\navbarCustomer.php on line 28.
 1 APPPATH\Views\layout\navbarCustomer.php(28): CodeIgniter\Debug\Exceptions->errorHandler(2, 'Array to string conversion', 'APPPATH\\Views\\layout\\navbarCustomer.php', 28)
 2 SYSTEMPATH\View\View.php(213): include('APPPATH\\Views\\layout\\navbarCustomer.php')
 3 SYSTEMPATH\View\View.php(216): CodeIgniter\View\View->CodeIgniter\View\{closure}()
 4 SYSTEMPATH\View\View.php(429): CodeIgniter\View\View->render('layout/navbarCustomer', null, true)
 5 APPPATH\Views\layout\pageCustomer.php(3): CodeIgniter\View\View->include('layout/navbarCustomer')
 6 SYSTEMPATH\View\View.php(213): include('APPPATH\\Views\\layout\\pageCustomer.php')
 7 SYSTEMPATH\View\View.php(216): CodeIgniter\View\View->CodeIgniter\View\{closure}()
 8 SYSTEMPATH\View\View.php(229): CodeIgniter\View\View->render('layout/pageCustomer', [], true)
 9 SYSTEMPATH\Common.php(1137): CodeIgniter\View\View->render('customer/item', [], true)
10 APPPATH\Controllers\Customer.php(30): view('customer/item', [...])
11 SYSTEMPATH\CodeIgniter.php(904): App\Controllers\Customer->itemList()
12 SYSTEMPATH\CodeIgniter.php(457): CodeIgniter\CodeIgniter->runController(Object(App\Controllers\Customer))
13 SYSTEMPATH\CodeIgniter.php(340): CodeIgniter\CodeIgniter->handleRequest(null, Object(Config\Cache), false)
14 FCPATH\index.php(67): CodeIgniter\CodeIgniter->run()
15 SYSTEMPATH\Commands\Server\rewrite.php(43): require_once('FCPATH\\index.php')
CRITICAL - 2022-09-04 15:17:16 --> Array to string conversion
in APPPATH\Views\layout\navbarCustomer.php on line 28.
 1 APPPATH\Views\layout\navbarCustomer.php(28): CodeIgniter\Debug\Exceptions->errorHandler(2, 'Array to string conversion', 'APPPATH\\Views\\layout\\navbarCustomer.php', 28)
 2 SYSTEMPATH\View\View.php(213): include('APPPATH\\Views\\layout\\navbarCustomer.php')
 3 SYSTEMPATH\View\View.php(216): CodeIgniter\View\View->CodeIgniter\View\{closure}()
 4 SYSTEMPATH\View\View.php(429): CodeIgniter\View\View->render('layout/navbarCustomer', null, true)
 5 APPPATH\Views\layout\pageCustomer.php(3): CodeIgniter\View\View->include('layout/navbarCustomer')
 6 SYSTEMPATH\View\View.php(213): include('APPPATH\\Views\\layout\\pageCustomer.php')
 7 SYSTEMPATH\View\View.php(216): CodeIgniter\View\View->CodeIgniter\View\{closure}()
 8 SYSTEMPATH\View\View.php(229): CodeIgniter\View\View->render('layout/pageCustomer', [], true)
 9 SYSTEMPATH\Common.php(1137): CodeIgniter\View\View->render('customer/dashboard', [], true)
10 APPPATH\Controllers\Home.php(40): view('customer/dashboard', [...])
11 SYSTEMPATH\CodeIgniter.php(904): App\Controllers\Home->index()
12 SYSTEMPATH\CodeIgniter.php(457): CodeIgniter\CodeIgniter->runController(Object(App\Controllers\Home))
13 SYSTEMPATH\CodeIgniter.php(340): CodeIgniter\CodeIgniter->handleRequest(null, Object(Config\Cache), false)
14 FCPATH\index.php(67): CodeIgniter\CodeIgniter->run()
15 SYSTEMPATH\Commands\Server\rewrite.php(43): require_once('FCPATH\\index.php')
CRITICAL - 2022-09-04 15:22:01 --> Array to string conversion
in APPPATH\Views\layout\navbarCustomer.php on line 28.
 1 APPPATH\Views\layout\navbarCustomer.php(28): CodeIgniter\Debug\Exceptions->errorHandler(2, 'Array to string conversion', 'APPPATH\\Views\\layout\\navbarCustomer.php', 28)
 2 SYSTEMPATH\View\View.php(213): include('APPPATH\\Views\\layout\\navbarCustomer.php')
 3 SYSTEMPATH\View\View.php(216): CodeIgniter\View\View->CodeIgniter\View\{closure}()
 4 SYSTEMPATH\View\View.php(429): CodeIgniter\View\View->render('layout/navbarCustomer', null, true)
 5 APPPATH\Views\layout\pageCustomer.php(3): CodeIgniter\View\View->include('layout/navbarCustomer')
 6 SYSTEMPATH\View\View.php(213): include('APPPATH\\Views\\layout\\pageCustomer.php')
 7 SYSTEMPATH\View\View.php(216): CodeIgniter\View\View->CodeIgniter\View\{closure}()
 8 SYSTEMPATH\View\View.php(229): CodeIgniter\View\View->render('layout/pageCustomer', [], true)
 9 SYSTEMPATH\Common.php(1137): CodeIgniter\View\View->render('customer/dashboard', [], true)
10 APPPATH\Controllers\Customer.php(24): view('customer/dashboard', [...])
11 SYSTEMPATH\CodeIgniter.php(904): App\Controllers\Customer->index()
12 SYSTEMPATH\CodeIgniter.php(457): CodeIgniter\CodeIgniter->runController(Object(App\Controllers\Customer))
13 SYSTEMPATH\CodeIgniter.php(340): CodeIgniter\CodeIgniter->handleRequest(null, Object(Config\Cache), false)
14 FCPATH\index.php(67): CodeIgniter\CodeIgniter->run()
15 SYSTEMPATH\Commands\Server\rewrite.php(43): require_once('FCPATH\\index.php')
CRITICAL - 2022-09-04 15:25:57 --> Undefined property: CodeIgniter\View\View::$session
in APPPATH\Views\layout\navbarCustomer.php on line 28.
 1 APPPATH\Views\layout\navbarCustomer.php(28): CodeIgniter\Debug\Exceptions->errorHandler(2, 'Undefined property: CodeIgniter\\View\\View::$session', 'APPPATH\\Views\\layout\\navbarCustomer.php', 28)
 2 SYSTEMPATH\View\View.php(213): include('APPPATH\\Views\\layout\\navbarCustomer.php')
 3 SYSTEMPATH\View\View.php(216): CodeIgniter\View\View->CodeIgniter\View\{closure}()
 4 SYSTEMPATH\View\View.php(429): CodeIgniter\View\View->render('layout/navbarCustomer', null, true)
 5 APPPATH\Views\layout\pageCustomer.php(3): CodeIgniter\View\View->include('layout/navbarCustomer')
 6 SYSTEMPATH\View\View.php(213): include('APPPATH\\Views\\layout\\pageCustomer.php')
 7 SYSTEMPATH\View\View.php(216): CodeIgniter\View\View->CodeIgniter\View\{closure}()
 8 SYSTEMPATH\View\View.php(229): CodeIgniter\View\View->render('layout/pageCustomer', [], true)
 9 SYSTEMPATH\Common.php(1137): CodeIgniter\View\View->render('customer/item', [], true)
10 APPPATH\Controllers\Customer.php(39): view('customer/item', [...])
11 SYSTEMPATH\CodeIgniter.php(904): App\Controllers\Customer->itemList()
12 SYSTEMPATH\CodeIgniter.php(457): CodeIgniter\CodeIgniter->runController(Object(App\Controllers\Customer))
13 SYSTEMPATH\CodeIgniter.php(340): CodeIgniter\CodeIgniter->handleRequest(null, Object(Config\Cache), false)
14 FCPATH\index.php(67): CodeIgniter\CodeIgniter->run()
15 SYSTEMPATH\Commands\Server\rewrite.php(43): require_once('FCPATH\\index.php')
CRITICAL - 2022-09-04 15:26:08 --> Undefined property: CodeIgniter\View\View::$session
in APPPATH\Views\layout\navbarCustomer.php on line 28.
 1 APPPATH\Views\layout\navbarCustomer.php(28): CodeIgniter\Debug\Exceptions->errorHandler(2, 'Undefined property: CodeIgniter\\View\\View::$session', 'APPPATH\\Views\\layout\\navbarCustomer.php', 28)
 2 SYSTEMPATH\View\View.php(213): include('APPPATH\\Views\\layout\\navbarCustomer.php')
 3 SYSTEMPATH\View\View.php(216): CodeIgniter\View\View->CodeIgniter\View\{closure}()
 4 SYSTEMPATH\View\View.php(429): CodeIgniter\View\View->render('layout/navbarCustomer', null, true)
 5 APPPATH\Views\layout\pageCustomer.php(3): CodeIgniter\View\View->include('layout/navbarCustomer')
 6 SYSTEMPATH\View\View.php(213): include('APPPATH\\Views\\layout\\pageCustomer.php')
 7 SYSTEMPATH\View\View.php(216): CodeIgniter\View\View->CodeIgniter\View\{closure}()
 8 SYSTEMPATH\View\View.php(229): CodeIgniter\View\View->render('layout/pageCustomer', [], true)
 9 SYSTEMPATH\Common.php(1137): CodeIgniter\View\View->render('customer/item', [], true)
10 APPPATH\Controllers\Customer.php(39): view('customer/item', [...])
11 SYSTEMPATH\CodeIgniter.php(904): App\Controllers\Customer->itemList()
12 SYSTEMPATH\CodeIgniter.php(457): CodeIgniter\CodeIgniter->runController(Object(App\Controllers\Customer))
13 SYSTEMPATH\CodeIgniter.php(340): CodeIgniter\CodeIgniter->handleRequest(null, Object(Config\Cache), false)
14 FCPATH\index.php(67): CodeIgniter\CodeIgniter->run()
15 SYSTEMPATH\Commands\Server\rewrite.php(43): require_once('FCPATH\\index.php')
CRITICAL - 2022-09-04 15:26:08 --> Undefined property: CodeIgniter\View\View::$session
in APPPATH\Views\layout\navbarCustomer.php on line 28.
 1 APPPATH\Views\layout\navbarCustomer.php(28): CodeIgniter\Debug\Exceptions->errorHandler(2, 'Undefined property: CodeIgniter\\View\\View::$session', 'APPPATH\\Views\\layout\\navbarCustomer.php', 28)
 2 SYSTEMPATH\View\View.php(213): include('APPPATH\\Views\\layout\\navbarCustomer.php')
 3 SYSTEMPATH\View\View.php(216): CodeIgniter\View\View->CodeIgniter\View\{closure}()
 4 SYSTEMPATH\View\View.php(429): CodeIgniter\View\View->render('layout/navbarCustomer', null, true)
 5 APPPATH\Views\layout\pageCustomer.php(3): CodeIgniter\View\View->include('layout/navbarCustomer')
 6 SYSTEMPATH\View\View.php(213): include('APPPATH\\Views\\layout\\pageCustomer.php')
 7 SYSTEMPATH\View\View.php(216): CodeIgniter\View\View->CodeIgniter\View\{closure}()
 8 SYSTEMPATH\View\View.php(229): CodeIgniter\View\View->render('layout/pageCustomer', [], true)
 9 SYSTEMPATH\Common.php(1137): CodeIgniter\View\View->render('customer/item', [], true)
10 APPPATH\Controllers\Customer.php(39): view('customer/item', [...])
11 SYSTEMPATH\CodeIgniter.php(904): App\Controllers\Customer->itemList()
12 SYSTEMPATH\CodeIgniter.php(457): CodeIgniter\CodeIgniter->runController(Object(App\Controllers\Customer))
13 SYSTEMPATH\CodeIgniter.php(340): CodeIgniter\CodeIgniter->handleRequest(null, Object(Config\Cache), false)
14 FCPATH\index.php(67): CodeIgniter\CodeIgniter->run()
15 SYSTEMPATH\Commands\Server\rewrite.php(43): require_once('FCPATH\\index.php')
CRITICAL - 2022-09-04 15:26:08 --> Undefined property: CodeIgniter\View\View::$session
in APPPATH\Views\layout\navbarCustomer.php on line 28.
 1 APPPATH\Views\layout\navbarCustomer.php(28): CodeIgniter\Debug\Exceptions->errorHandler(2, 'Undefined property: CodeIgniter\\View\\View::$session', 'APPPATH\\Views\\layout\\navbarCustomer.php', 28)
 2 SYSTEMPATH\View\View.php(213): include('APPPATH\\Views\\layout\\navbarCustomer.php')
 3 SYSTEMPATH\View\View.php(216): CodeIgniter\View\View->CodeIgniter\View\{closure}()
 4 SYSTEMPATH\View\View.php(429): CodeIgniter\View\View->render('layout/navbarCustomer', null, true)
 5 APPPATH\Views\layout\pageCustomer.php(3): CodeIgniter\View\View->include('layout/navbarCustomer')
 6 SYSTEMPATH\View\View.php(213): include('APPPATH\\Views\\layout\\pageCustomer.php')
 7 SYSTEMPATH\View\View.php(216): CodeIgniter\View\View->CodeIgniter\View\{closure}()
 8 SYSTEMPATH\View\View.php(229): CodeIgniter\View\View->render('layout/pageCustomer', [], true)
 9 SYSTEMPATH\Common.php(1137): CodeIgniter\View\View->render('customer/item', [], true)
10 APPPATH\Controllers\Customer.php(39): view('customer/item', [...])
11 SYSTEMPATH\CodeIgniter.php(904): App\Controllers\Customer->itemList()
12 SYSTEMPATH\CodeIgniter.php(457): CodeIgniter\CodeIgniter->runController(Object(App\Controllers\Customer))
13 SYSTEMPATH\CodeIgniter.php(340): CodeIgniter\CodeIgniter->handleRequest(null, Object(Config\Cache), false)
14 FCPATH\index.php(67): CodeIgniter\CodeIgniter->run()
15 SYSTEMPATH\Commands\Server\rewrite.php(43): require_once('FCPATH\\index.php')
CRITICAL - 2022-09-04 15:26:09 --> Undefined property: CodeIgniter\View\View::$session
in APPPATH\Views\layout\navbarCustomer.php on line 28.
 1 APPPATH\Views\layout\navbarCustomer.php(28): CodeIgniter\Debug\Exceptions->errorHandler(2, 'Undefined property: CodeIgniter\\View\\View::$session', 'APPPATH\\Views\\layout\\navbarCustomer.php', 28)
 2 SYSTEMPATH\View\View.php(213): include('APPPATH\\Views\\layout\\navbarCustomer.php')
 3 SYSTEMPATH\View\View.php(216): CodeIgniter\View\View->CodeIgniter\View\{closure}()
 4 SYSTEMPATH\View\View.php(429): CodeIgniter\View\View->render('layout/navbarCustomer', null, true)
 5 APPPATH\Views\layout\pageCustomer.php(3): CodeIgniter\View\View->include('layout/navbarCustomer')
 6 SYSTEMPATH\View\View.php(213): include('APPPATH\\Views\\layout\\pageCustomer.php')
 7 SYSTEMPATH\View\View.php(216): CodeIgniter\View\View->CodeIgniter\View\{closure}()
 8 SYSTEMPATH\View\View.php(229): CodeIgniter\View\View->render('layout/pageCustomer', [], true)
 9 SYSTEMPATH\Common.php(1137): CodeIgniter\View\View->render('customer/item', [], true)
10 APPPATH\Controllers\Customer.php(39): view('customer/item', [...])
11 SYSTEMPATH\CodeIgniter.php(904): App\Controllers\Customer->itemList()
12 SYSTEMPATH\CodeIgniter.php(457): CodeIgniter\CodeIgniter->runController(Object(App\Controllers\Customer))
13 SYSTEMPATH\CodeIgniter.php(340): CodeIgniter\CodeIgniter->handleRequest(null, Object(Config\Cache), false)
14 FCPATH\index.php(67): CodeIgniter\CodeIgniter->run()
15 SYSTEMPATH\Commands\Server\rewrite.php(43): require_once('FCPATH\\index.php')
CRITICAL - 2022-09-04 15:26:09 --> Undefined property: CodeIgniter\View\View::$session
in APPPATH\Views\layout\navbarCustomer.php on line 28.
 1 APPPATH\Views\layout\navbarCustomer.php(28): CodeIgniter\Debug\Exceptions->errorHandler(2, 'Undefined property: CodeIgniter\\View\\View::$session', 'APPPATH\\Views\\layout\\navbarCustomer.php', 28)
 2 SYSTEMPATH\View\View.php(213): include('APPPATH\\Views\\layout\\navbarCustomer.php')
 3 SYSTEMPATH\View\View.php(216): CodeIgniter\View\View->CodeIgniter\View\{closure}()
 4 SYSTEMPATH\View\View.php(429): CodeIgniter\View\View->render('layout/navbarCustomer', null, true)
 5 APPPATH\Views\layout\pageCustomer.php(3): CodeIgniter\View\View->include('layout/navbarCustomer')
 6 SYSTEMPATH\View\View.php(213): include('APPPATH\\Views\\layout\\pageCustomer.php')
 7 SYSTEMPATH\View\View.php(216): CodeIgniter\View\View->CodeIgniter\View\{closure}()
 8 SYSTEMPATH\View\View.php(229): CodeIgniter\View\View->render('layout/pageCustomer', [], true)
 9 SYSTEMPATH\Common.php(1137): CodeIgniter\View\View->render('customer/item', [], true)
10 APPPATH\Controllers\Customer.php(39): view('customer/item', [...])
11 SYSTEMPATH\CodeIgniter.php(904): App\Controllers\Customer->itemList()
12 SYSTEMPATH\CodeIgniter.php(457): CodeIgniter\CodeIgniter->runController(Object(App\Controllers\Customer))
13 SYSTEMPATH\CodeIgniter.php(340): CodeIgniter\CodeIgniter->handleRequest(null, Object(Config\Cache), false)
14 FCPATH\index.php(67): CodeIgniter\CodeIgniter->run()
15 SYSTEMPATH\Commands\Server\rewrite.php(43): require_once('FCPATH\\index.php')
CRITICAL - 2022-09-04 15:26:09 --> Undefined property: CodeIgniter\View\View::$session
in APPPATH\Views\layout\navbarCustomer.php on line 28.
 1 APPPATH\Views\layout\navbarCustomer.php(28): CodeIgniter\Debug\Exceptions->errorHandler(2, 'Undefined property: CodeIgniter\\View\\View::$session', 'APPPATH\\Views\\layout\\navbarCustomer.php', 28)
 2 SYSTEMPATH\View\View.php(213): include('APPPATH\\Views\\layout\\navbarCustomer.php')
 3 SYSTEMPATH\View\View.php(216): CodeIgniter\View\View->CodeIgniter\View\{closure}()
 4 SYSTEMPATH\View\View.php(429): CodeIgniter\View\View->render('layout/navbarCustomer', null, true)
 5 APPPATH\Views\layout\pageCustomer.php(3): CodeIgniter\View\View->include('layout/navbarCustomer')
 6 SYSTEMPATH\View\View.php(213): include('APPPATH\\Views\\layout\\pageCustomer.php')
 7 SYSTEMPATH\View\View.php(216): CodeIgniter\View\View->CodeIgniter\View\{closure}()
 8 SYSTEMPATH\View\View.php(229): CodeIgniter\View\View->render('layout/pageCustomer', [], true)
 9 SYSTEMPATH\Common.php(1137): CodeIgniter\View\View->render('customer/item', [], true)
10 APPPATH\Controllers\Customer.php(39): view('customer/item', [...])
11 SYSTEMPATH\CodeIgniter.php(904): App\Controllers\Customer->itemList()
12 SYSTEMPATH\CodeIgniter.php(457): CodeIgniter\CodeIgniter->runController(Object(App\Controllers\Customer))
13 SYSTEMPATH\CodeIgniter.php(340): CodeIgniter\CodeIgniter->handleRequest(null, Object(Config\Cache), false)
14 FCPATH\index.php(67): CodeIgniter\CodeIgniter->run()
15 SYSTEMPATH\Commands\Server\rewrite.php(43): require_once('FCPATH\\index.php')
CRITICAL - 2022-09-04 15:26:09 --> Undefined property: CodeIgniter\View\View::$session
in APPPATH\Views\layout\navbarCustomer.php on line 28.
 1 APPPATH\Views\layout\navbarCustomer.php(28): CodeIgniter\Debug\Exceptions->errorHandler(2, 'Undefined property: CodeIgniter\\View\\View::$session', 'APPPATH\\Views\\layout\\navbarCustomer.php', 28)
 2 SYSTEMPATH\View\View.php(213): include('APPPATH\\Views\\layout\\navbarCustomer.php')
 3 SYSTEMPATH\View\View.php(216): CodeIgniter\View\View->CodeIgniter\View\{closure}()
 4 SYSTEMPATH\View\View.php(429): CodeIgniter\View\View->render('layout/navbarCustomer', null, true)
 5 APPPATH\Views\layout\pageCustomer.php(3): CodeIgniter\View\View->include('layout/navbarCustomer')
 6 SYSTEMPATH\View\View.php(213): include('APPPATH\\Views\\layout\\pageCustomer.php')
 7 SYSTEMPATH\View\View.php(216): CodeIgniter\View\View->CodeIgniter\View\{closure}()
 8 SYSTEMPATH\View\View.php(229): CodeIgniter\View\View->render('layout/pageCustomer', [], true)
 9 SYSTEMPATH\Common.php(1137): CodeIgniter\View\View->render('customer/item', [], true)
10 APPPATH\Controllers\Customer.php(39): view('customer/item', [...])
11 SYSTEMPATH\CodeIgniter.php(904): App\Controllers\Customer->itemList()
12 SYSTEMPATH\CodeIgniter.php(457): CodeIgniter\CodeIgniter->runController(Object(App\Controllers\Customer))
13 SYSTEMPATH\CodeIgniter.php(340): CodeIgniter\CodeIgniter->handleRequest(null, Object(Config\Cache), false)
14 FCPATH\index.php(67): CodeIgniter\CodeIgniter->run()
15 SYSTEMPATH\Commands\Server\rewrite.php(43): require_once('FCPATH\\index.php')
CRITICAL - 2022-09-04 15:26:09 --> Undefined property: CodeIgniter\View\View::$session
in APPPATH\Views\layout\navbarCustomer.php on line 28.
 1 APPPATH\Views\layout\navbarCustomer.php(28): CodeIgniter\Debug\Exceptions->errorHandler(2, 'Undefined property: CodeIgniter\\View\\View::$session', 'APPPATH\\Views\\layout\\navbarCustomer.php', 28)
 2 SYSTEMPATH\View\View.php(213): include('APPPATH\\Views\\layout\\navbarCustomer.php')
 3 SYSTEMPATH\View\View.php(216): CodeIgniter\View\View->CodeIgniter\View\{closure}()
 4 SYSTEMPATH\View\View.php(429): CodeIgniter\View\View->render('layout/navbarCustomer', null, true)
 5 APPPATH\Views\layout\pageCustomer.php(3): CodeIgniter\View\View->include('layout/navbarCustomer')
 6 SYSTEMPATH\View\View.php(213): include('APPPATH\\Views\\layout\\pageCustomer.php')
 7 SYSTEMPATH\View\View.php(216): CodeIgniter\View\View->CodeIgniter\View\{closure}()
 8 SYSTEMPATH\View\View.php(229): CodeIgniter\View\View->render('layout/pageCustomer', [], true)
 9 SYSTEMPATH\Common.php(1137): CodeIgniter\View\View->render('customer/item', [], true)
10 APPPATH\Controllers\Customer.php(39): view('customer/item', [...])
11 SYSTEMPATH\CodeIgniter.php(904): App\Controllers\Customer->itemList()
12 SYSTEMPATH\CodeIgniter.php(457): CodeIgniter\CodeIgniter->runController(Object(App\Controllers\Customer))
13 SYSTEMPATH\CodeIgniter.php(340): CodeIgniter\CodeIgniter->handleRequest(null, Object(Config\Cache), false)
14 FCPATH\index.php(67): CodeIgniter\CodeIgniter->run()
15 SYSTEMPATH\Commands\Server\rewrite.php(43): require_once('FCPATH\\index.php')
CRITICAL - 2022-09-04 15:26:13 --> Undefined property: CodeIgniter\View\View::$session
in APPPATH\Views\layout\navbarCustomer.php on line 28.
 1 APPPATH\Views\layout\navbarCustomer.php(28): CodeIgniter\Debug\Exceptions->errorHandler(2, 'Undefined property: CodeIgniter\\View\\View::$session', 'APPPATH\\Views\\layout\\navbarCustomer.php', 28)
 2 SYSTEMPATH\View\View.php(213): include('APPPATH\\Views\\layout\\navbarCustomer.php')
 3 SYSTEMPATH\View\View.php(216): CodeIgniter\View\View->CodeIgniter\View\{closure}()
 4 SYSTEMPATH\View\View.php(429): CodeIgniter\View\View->render('layout/navbarCustomer', null, true)
 5 APPPATH\Views\layout\pageCustomer.php(3): CodeIgniter\View\View->include('layout/navbarCustomer')
 6 SYSTEMPATH\View\View.php(213): include('APPPATH\\Views\\layout\\pageCustomer.php')
 7 SYSTEMPATH\View\View.php(216): CodeIgniter\View\View->CodeIgniter\View\{closure}()
 8 SYSTEMPATH\View\View.php(229): CodeIgniter\View\View->render('layout/pageCustomer', [], true)
 9 SYSTEMPATH\Common.php(1137): CodeIgniter\View\View->render('customer/dashboard', [], true)
10 APPPATH\Controllers\Customer.php(24): view('customer/dashboard', [...])
11 SYSTEMPATH\CodeIgniter.php(904): App\Controllers\Customer->index()
12 SYSTEMPATH\CodeIgniter.php(457): CodeIgniter\CodeIgniter->runController(Object(App\Controllers\Customer))
13 SYSTEMPATH\CodeIgniter.php(340): CodeIgniter\CodeIgniter->handleRequest(null, Object(Config\Cache), false)
14 FCPATH\index.php(67): CodeIgniter\CodeIgniter->run()
15 SYSTEMPATH\Commands\Server\rewrite.php(43): require_once('FCPATH\\index.php')
